<?xml version="1.0" encoding="UTF-8"?>
<testsuite name="GigasecondTest" tests="5" skipped="0" failures="0" errors="0" timestamp="2020-08-18T21:49:33" hostname="Michaels-MacBook-Pro" time="0.021">
  <properties/>
  <testcase name="full time specified" classname="GigasecondTest" time="0.016"/>
  <testcase name="date only specification of time" classname="GigasecondTest" time="0.004"/>
  <testcase name="full time with day roll-over" classname="GigasecondTest" time="0.0"/>
  <testcase name="second test for date only specification of time" classname="GigasecondTest" time="0.0"/>
  <testcase name="third test for date only specification of time" classname="GigasecondTest" time="0.0"/>
  <system-out><![CDATA[]]></system-out>
  <system-err><![CDATA[]]></system-err>
</testsuite>
