<?xml version="1.0" encoding="UTF-8"?>
<testsuite name="HelloWorldTest" tests="1" skipped="0" failures="0" errors="0" timestamp="2020-07-29T05:22:19" hostname="Michaels-MacBook-Pro" time="0.019">
  <properties/>
  <testcase name="helloWorldTest" classname="HelloWorldTest" time="0.019"/>
  <system-out><![CDATA[]]></system-out>
  <system-err><![CDATA[]]></system-err>
</testsuite>
