<?xml version="1.0" encoding="UTF-8"?>
<testsuite name="SeriesTest" tests="10" skipped="0" failures="0" errors="0" timestamp="2020-08-10T20:35:29" hostname="Michaels-MacBook-Pro" time="0.026">
  <properties/>
  <testcase name="slicesOfTwo" classname="SeriesTest" time="0.024"/>
  <testcase name="sliceLengthCannotBeNegative" classname="SeriesTest" time="0.0"/>
  <testcase name="slicesOfTwoOverlap" classname="SeriesTest" time="0.0"/>
  <testcase name="slicesOfOneFromOne" classname="SeriesTest" time="0.0"/>
  <testcase name="slicesOfOneFromTwo" classname="SeriesTest" time="0.0"/>
  <testcase name="emptySeriesIsInvalid" classname="SeriesTest" time="0.0"/>
  <testcase name="sliceLengthIsTooLarge" classname="SeriesTest" time="0.0"/>
  <testcase name="sliceLengthCannotBeZero" classname="SeriesTest" time="0.0"/>
  <testcase name="slicesCanIncludeDuplicates" classname="SeriesTest" time="0.0"/>
  <testcase name="slicesOfALongSeries" classname="SeriesTest" time="0.0"/>
  <system-out><![CDATA[]]></system-out>
  <system-err><![CDATA[]]></system-err>
</testsuite>
