<?xml version="1.0" encoding="UTF-8"?>
<testsuite name="DnaTest" tests="5" skipped="0" failures="0" errors="0" timestamp="2020-08-10T18:43:51" hostname="Michaels-MacBook-Pro" time="0.027">
  <properties/>
  <testcase name="validatesNucleotides" classname="DnaTest" time="0.011"/>
  <testcase name="canCountMultipleNucleotides" classname="DnaTest" time="0.014"/>
  <testcase name="canCountOneNucleotideInSingleCharacterInput" classname="DnaTest" time="0.0"/>
  <testcase name="emptyDnaStringHasNoNucleotides" classname="DnaTest" time="0.001"/>
  <testcase name="canCountRepeatedNucleotide" classname="DnaTest" time="0.0"/>
  <system-out><![CDATA[]]></system-out>
  <system-err><![CDATA[]]></system-err>
</testsuite>
