<?xml version="1.0" encoding="UTF-8"?>
<testsuite name="ResistorColorTrioTest" tests="6" skipped="0" failures="0" errors="0" timestamp="2020-07-31T19:03:55" hostname="Michaels-MacBook-Pro" time="0.018">
  <properties/>
  <testcase name="blue grey brown" classname="ResistorColorTrioTest" time="0.016"/>
  <testcase name="orange orange black" classname="ResistorColorTrioTest" time="0.0"/>
  <testcase name="yellow violet violet" classname="ResistorColorTrioTest" time="0.0"/>
  <testcase name="yellow violet yellow" classname="ResistorColorTrioTest" time="0.0"/>
  <testcase name="red black red" classname="ResistorColorTrioTest" time="0.0"/>
  <testcase name="green brown orange" classname="ResistorColorTrioTest" time="0.0"/>
  <system-out><![CDATA[]]></system-out>
  <system-err><![CDATA[]]></system-err>
</testsuite>
